2023/10/26 09:18:25 [notice] 1#1: using the "epoll" event method
2023/10/26 09:18:25 [notice] 1#1: nginx/1.25.3
2023/10/26 09:18:25 [notice] 1#1: built by gcc 12.2.0 (Debian 12.2.0-14) 
2023/10/26 09:18:25 [notice] 1#1: OS: Linux 6.2.0-35-generic
2023/10/26 09:18:25 [notice] 1#1: getrlimit(RLIMIT_NOFILE): 1048576:1048576
2023/10/26 09:18:25 [notice] 1#1: start worker processes
2023/10/26 09:18:25 [notice] 1#1: start worker process 29
2023/10/26 09:18:25 [notice] 1#1: start worker process 30
2023/10/26 09:18:25 [notice] 1#1: start worker process 31
2023/10/26 09:18:25 [notice] 1#1: start worker process 32
2023/10/26 09:24:25 [notice] 1#1: signal 3 (SIGQUIT) received, shutting down
2023/10/26 09:24:25 [notice] 30#30: gracefully shutting down
2023/10/26 09:24:25 [notice] 31#31: gracefully shutting down
2023/10/26 09:24:25 [notice] 30#30: exiting
2023/10/26 09:24:25 [notice] 31#31: exiting
2023/10/26 09:24:25 [notice] 30#30: exit
2023/10/26 09:24:25 [notice] 31#31: exit
2023/10/26 09:24:25 [notice] 29#29: gracefully shutting down
2023/10/26 09:24:25 [notice] 29#29: exiting
2023/10/26 09:24:25 [notice] 32#32: gracefully shutting down
2023/10/26 09:24:25 [notice] 32#32: exiting
2023/10/26 09:24:25 [notice] 29#29: exit
2023/10/26 09:24:25 [notice] 32#32: exit
2023/10/26 09:24:25 [notice] 1#1: signal 17 (SIGCHLD) received from 32
2023/10/26 09:24:25 [notice] 1#1: worker process 32 exited with code 0
2023/10/26 09:24:25 [notice] 1#1: signal 29 (SIGIO) received
2023/10/26 09:24:25 [notice] 1#1: signal 17 (SIGCHLD) received from 31
2023/10/26 09:24:25 [notice] 1#1: worker process 31 exited with code 0
2023/10/26 09:24:25 [notice] 1#1: signal 29 (SIGIO) received
2023/10/26 09:24:25 [notice] 1#1: signal 17 (SIGCHLD) received from 29
2023/10/26 09:24:25 [notice] 1#1: worker process 29 exited with code 0
2023/10/26 09:24:25 [notice] 1#1: signal 17 (SIGCHLD) received from 30
2023/10/26 09:24:25 [notice] 1#1: worker process 30 exited with code 0
2023/10/26 09:24:25 [notice] 1#1: exit
2023/10/26 10:15:32 [notice] 1#1: using the "epoll" event method
2023/10/26 10:15:32 [notice] 1#1: nginx/1.25.3
2023/10/26 10:15:32 [notice] 1#1: built by gcc 12.2.0 (Debian 12.2.0-14) 
2023/10/26 10:15:32 [notice] 1#1: OS: Linux 6.2.0-35-generic
2023/10/26 10:15:32 [notice] 1#1: getrlimit(RLIMIT_NOFILE): 1048576:1048576
2023/10/26 10:15:32 [notice] 1#1: start worker processes
2023/10/26 10:15:32 [notice] 1#1: start worker process 29
2023/10/26 10:15:32 [notice] 1#1: start worker process 30
2023/10/26 10:15:32 [notice] 1#1: start worker process 31
2023/10/26 10:15:32 [notice] 1#1: start worker process 32
2023/10/26 10:16:17 [notice] 1#1: signal 3 (SIGQUIT) received, shutting down
2023/10/26 10:16:17 [notice] 29#29: gracefully shutting down
2023/10/26 10:16:17 [notice] 30#30: gracefully shutting down
2023/10/26 10:16:17 [notice] 29#29: exiting
2023/10/26 10:16:17 [notice] 30#30: exiting
2023/10/26 10:16:17 [notice] 31#31: gracefully shutting down
2023/10/26 10:16:17 [notice] 31#31: exiting
2023/10/26 10:16:17 [notice] 29#29: exit
2023/10/26 10:16:17 [notice] 30#30: exit
2023/10/26 10:16:17 [notice] 31#31: exit
2023/10/26 10:16:17 [notice] 32#32: gracefully shutting down
2023/10/26 10:16:17 [notice] 32#32: exiting
2023/10/26 10:16:17 [notice] 32#32: exit
2023/10/26 10:16:17 [notice] 1#1: signal 17 (SIGCHLD) received from 30
2023/10/26 10:16:17 [notice] 1#1: worker process 30 exited with code 0
2023/10/26 10:16:17 [notice] 1#1: signal 29 (SIGIO) received
2023/10/26 10:16:17 [notice] 1#1: signal 17 (SIGCHLD) received from 29
2023/10/26 10:16:17 [notice] 1#1: worker process 29 exited with code 0
2023/10/26 10:16:17 [notice] 1#1: worker process 32 exited with code 0
2023/10/26 10:16:17 [notice] 1#1: signal 29 (SIGIO) received
2023/10/26 10:16:17 [notice] 1#1: signal 17 (SIGCHLD) received from 31
2023/10/26 10:16:17 [notice] 1#1: worker process 31 exited with code 0
2023/10/26 10:16:17 [notice] 1#1: exit
2023/10/26 10:17:09 [notice] 1#1: using the "epoll" event method
2023/10/26 10:17:09 [notice] 1#1: nginx/1.25.3
2023/10/26 10:17:09 [notice] 1#1: built by gcc 12.2.0 (Debian 12.2.0-14) 
2023/10/26 10:17:09 [notice] 1#1: OS: Linux 6.2.0-35-generic
2023/10/26 10:17:09 [notice] 1#1: getrlimit(RLIMIT_NOFILE): 1048576:1048576
2023/10/26 10:17:09 [notice] 1#1: start worker processes
2023/10/26 10:17:09 [notice] 1#1: start worker process 29
2023/10/26 10:17:09 [notice] 1#1: start worker process 30
2023/10/26 10:17:09 [notice] 1#1: start worker process 31
2023/10/26 10:17:09 [notice] 1#1: start worker process 32
2023/10/26 10:17:46 [notice] 1#1: signal 3 (SIGQUIT) received, shutting down
2023/10/26 10:17:46 [notice] 29#29: gracefully shutting down
2023/10/26 10:17:46 [notice] 31#31: gracefully shutting down
2023/10/26 10:17:46 [notice] 29#29: exiting
2023/10/26 10:17:46 [notice] 31#31: exiting
2023/10/26 10:17:46 [notice] 31#31: exit
2023/10/26 10:17:46 [notice] 29#29: exit
2023/10/26 10:17:46 [notice] 30#30: gracefully shutting down
2023/10/26 10:17:46 [notice] 30#30: exiting
2023/10/26 10:17:46 [notice] 30#30: exit
2023/10/26 10:17:46 [notice] 32#32: gracefully shutting down
2023/10/26 10:17:46 [notice] 32#32: exiting
2023/10/26 10:17:46 [notice] 32#32: exit
2023/10/26 10:17:46 [notice] 1#1: signal 17 (SIGCHLD) received from 31
2023/10/26 10:17:46 [notice] 1#1: worker process 31 exited with code 0
2023/10/26 10:17:46 [notice] 1#1: signal 29 (SIGIO) received
2023/10/26 10:17:46 [notice] 1#1: signal 17 (SIGCHLD) received from 29
2023/10/26 10:17:46 [notice] 1#1: worker process 29 exited with code 0
2023/10/26 10:17:46 [notice] 1#1: signal 29 (SIGIO) received
2023/10/26 10:17:46 [notice] 1#1: signal 17 (SIGCHLD) received from 30
2023/10/26 10:17:46 [notice] 1#1: worker process 30 exited with code 0
2023/10/26 10:17:46 [notice] 1#1: signal 29 (SIGIO) received
2023/10/26 10:17:46 [notice] 1#1: signal 17 (SIGCHLD) received from 32
2023/10/26 10:17:46 [notice] 1#1: worker process 32 exited with code 0
2023/10/26 10:17:46 [notice] 1#1: exit
2023/10/26 10:18:17 [notice] 1#1: using the "epoll" event method
2023/10/26 10:18:17 [notice] 1#1: nginx/1.25.3
2023/10/26 10:18:17 [notice] 1#1: built by gcc 12.2.0 (Debian 12.2.0-14) 
2023/10/26 10:18:17 [notice] 1#1: OS: Linux 6.2.0-35-generic
2023/10/26 10:18:17 [notice] 1#1: getrlimit(RLIMIT_NOFILE): 1048576:1048576
2023/10/26 10:18:17 [notice] 1#1: start worker processes
2023/10/26 10:18:17 [notice] 1#1: start worker process 29
2023/10/26 10:18:17 [notice] 1#1: start worker process 30
2023/10/26 10:18:17 [notice] 1#1: start worker process 31
2023/10/26 10:18:17 [notice] 1#1: start worker process 32
2023/10/26 10:20:29 [notice] 1#1: signal 3 (SIGQUIT) received, shutting down
2023/10/26 10:20:29 [notice] 31#31: gracefully shutting down
2023/10/26 10:20:29 [notice] 29#29: gracefully shutting down
2023/10/26 10:20:29 [notice] 31#31: exiting
2023/10/26 10:20:29 [notice] 29#29: exiting
2023/10/26 10:20:29 [notice] 30#30: gracefully shutting down
2023/10/26 10:20:29 [notice] 31#31: exit
2023/10/26 10:20:29 [notice] 30#30: exiting
2023/10/26 10:20:29 [notice] 29#29: exit
2023/10/26 10:20:29 [notice] 30#30: exit
2023/10/26 10:20:29 [notice] 32#32: gracefully shutting down
2023/10/26 10:20:29 [notice] 32#32: exiting
2023/10/26 10:20:29 [notice] 32#32: exit
2023/10/26 10:20:29 [notice] 1#1: signal 17 (SIGCHLD) received from 31
2023/10/26 10:20:29 [notice] 1#1: worker process 31 exited with code 0
2023/10/26 10:20:29 [notice] 1#1: signal 29 (SIGIO) received
2023/10/26 10:20:29 [notice] 1#1: signal 17 (SIGCHLD) received from 32
2023/10/26 10:20:29 [notice] 1#1: worker process 32 exited with code 0
2023/10/26 10:20:29 [notice] 1#1: signal 29 (SIGIO) received
2023/10/26 10:20:29 [notice] 1#1: signal 17 (SIGCHLD) received from 29
2023/10/26 10:20:29 [notice] 1#1: worker process 29 exited with code 0
2023/10/26 10:20:29 [notice] 1#1: signal 29 (SIGIO) received
2023/10/26 10:20:29 [notice] 1#1: signal 17 (SIGCHLD) received from 30
2023/10/26 10:20:29 [notice] 1#1: worker process 30 exited with code 0
2023/10/26 10:20:29 [notice] 1#1: exit
2023/10/26 10:20:42 [notice] 1#1: using the "epoll" event method
2023/10/26 10:20:42 [notice] 1#1: nginx/1.25.3
2023/10/26 10:20:42 [notice] 1#1: built by gcc 12.2.0 (Debian 12.2.0-14) 
2023/10/26 10:20:42 [notice] 1#1: OS: Linux 6.2.0-35-generic
2023/10/26 10:20:42 [notice] 1#1: getrlimit(RLIMIT_NOFILE): 1048576:1048576
2023/10/26 10:20:42 [notice] 1#1: start worker processes
2023/10/26 10:20:42 [notice] 1#1: start worker process 28
2023/10/26 10:20:42 [notice] 1#1: start worker process 29
2023/10/26 10:20:42 [notice] 1#1: start worker process 30
2023/10/26 10:20:42 [notice] 1#1: start worker process 31
2023/10/26 10:24:10 [notice] 1#1: signal 3 (SIGQUIT) received, shutting down
2023/10/26 10:24:10 [notice] 29#29: gracefully shutting down
2023/10/26 10:24:10 [notice] 29#29: exiting
2023/10/26 10:24:10 [notice] 29#29: exit
2023/10/26 10:24:10 [notice] 28#28: gracefully shutting down
2023/10/26 10:24:10 [notice] 28#28: exiting
2023/10/26 10:24:10 [notice] 28#28: exit
2023/10/26 10:24:10 [notice] 30#30: gracefully shutting down
2023/10/26 10:24:10 [notice] 30#30: exiting
2023/10/26 10:24:10 [notice] 30#30: exit
2023/10/26 10:24:10 [notice] 31#31: gracefully shutting down
2023/10/26 10:24:10 [notice] 31#31: exiting
2023/10/26 10:24:10 [notice] 31#31: exit
2023/10/26 10:24:10 [notice] 1#1: signal 17 (SIGCHLD) received from 29
2023/10/26 10:24:10 [notice] 1#1: worker process 29 exited with code 0
2023/10/26 10:24:10 [notice] 1#1: signal 29 (SIGIO) received
2023/10/26 10:24:10 [notice] 1#1: signal 17 (SIGCHLD) received from 31
2023/10/26 10:24:10 [notice] 1#1: worker process 30 exited with code 0
2023/10/26 10:24:10 [notice] 1#1: worker process 31 exited with code 0
2023/10/26 10:24:10 [notice] 1#1: signal 29 (SIGIO) received
2023/10/26 10:24:10 [notice] 1#1: signal 17 (SIGCHLD) received from 30
2023/10/26 10:24:10 [notice] 1#1: signal 17 (SIGCHLD) received from 28
2023/10/26 10:24:10 [notice] 1#1: worker process 28 exited with code 0
2023/10/26 10:24:10 [notice] 1#1: exit
2023/10/26 10:24:26 [notice] 1#1: using the "epoll" event method
2023/10/26 10:24:26 [notice] 1#1: nginx/1.25.3
2023/10/26 10:24:26 [notice] 1#1: built by gcc 12.2.0 (Debian 12.2.0-14) 
2023/10/26 10:24:26 [notice] 1#1: OS: Linux 6.2.0-35-generic
2023/10/26 10:24:26 [notice] 1#1: getrlimit(RLIMIT_NOFILE): 1048576:1048576
2023/10/26 10:24:26 [notice] 1#1: start worker processes
2023/10/26 10:24:26 [notice] 1#1: start worker process 29
2023/10/26 10:24:26 [notice] 1#1: start worker process 30
2023/10/26 10:24:26 [notice] 1#1: start worker process 31
2023/10/26 10:24:26 [notice] 1#1: start worker process 32
2023/10/26 10:29:13 [notice] 1#1: signal 3 (SIGQUIT) received, shutting down
2023/10/26 10:29:13 [notice] 29#29: gracefully shutting down
2023/10/26 10:29:13 [notice] 29#29: exiting
2023/10/26 10:29:13 [notice] 29#29: exit
2023/10/26 10:29:13 [notice] 30#30: gracefully shutting down
2023/10/26 10:29:13 [notice] 30#30: exiting
2023/10/26 10:29:13 [notice] 30#30: exit
2023/10/26 10:29:13 [notice] 31#31: gracefully shutting down
2023/10/26 10:29:13 [notice] 31#31: exiting
2023/10/26 10:29:13 [notice] 31#31: exit
2023/10/26 10:29:13 [notice] 32#32: gracefully shutting down
2023/10/26 10:29:13 [notice] 32#32: exiting
2023/10/26 10:29:13 [notice] 32#32: exit
2023/10/26 10:29:13 [notice] 1#1: signal 17 (SIGCHLD) received from 30
2023/10/26 10:29:13 [notice] 1#1: worker process 29 exited with code 0
2023/10/26 10:29:13 [notice] 1#1: worker process 30 exited with code 0
2023/10/26 10:29:13 [notice] 1#1: worker process 31 exited with code 0
2023/10/26 10:29:13 [notice] 1#1: worker process 32 exited with code 0
2023/10/26 10:29:13 [notice] 1#1: exit
2023/10/26 10:29:21 [notice] 1#1: using the "epoll" event method
2023/10/26 10:29:21 [notice] 1#1: nginx/1.25.3
2023/10/26 10:29:21 [notice] 1#1: built by gcc 12.2.0 (Debian 12.2.0-14) 
2023/10/26 10:29:21 [notice] 1#1: OS: Linux 6.2.0-35-generic
2023/10/26 10:29:21 [notice] 1#1: getrlimit(RLIMIT_NOFILE): 1048576:1048576
2023/10/26 10:29:21 [notice] 1#1: start worker processes
2023/10/26 10:29:21 [notice] 1#1: start worker process 29
2023/10/26 10:29:21 [notice] 1#1: start worker process 30
2023/10/26 10:29:21 [notice] 1#1: start worker process 31
2023/10/26 10:29:21 [notice] 1#1: start worker process 32
2023/10/26 10:30:18 [notice] 1#1: signal 3 (SIGQUIT) received, shutting down
2023/10/26 10:30:18 [notice] 31#31: gracefully shutting down
2023/10/26 10:30:18 [notice] 32#32: gracefully shutting down
2023/10/26 10:30:18 [notice] 31#31: exiting
2023/10/26 10:30:18 [notice] 32#32: exiting
2023/10/26 10:30:18 [notice] 31#31: exit
2023/10/26 10:30:18 [notice] 32#32: exit
2023/10/26 10:30:18 [notice] 29#29: gracefully shutting down
2023/10/26 10:30:18 [notice] 29#29: exiting
2023/10/26 10:30:18 [notice] 29#29: exit
2023/10/26 10:30:18 [notice] 30#30: gracefully shutting down
2023/10/26 10:30:18 [notice] 30#30: exiting
2023/10/26 10:30:18 [notice] 30#30: exit
2023/10/26 10:30:18 [notice] 1#1: signal 17 (SIGCHLD) received from 29
2023/10/26 10:30:18 [notice] 1#1: worker process 29 exited with code 0
2023/10/26 10:30:18 [notice] 1#1: worker process 30 exited with code 0
2023/10/26 10:30:18 [notice] 1#1: signal 29 (SIGIO) received
2023/10/26 10:30:18 [notice] 1#1: signal 17 (SIGCHLD) received from 30
2023/10/26 10:30:18 [notice] 1#1: signal 17 (SIGCHLD) received from 32
2023/10/26 10:30:18 [notice] 1#1: worker process 32 exited with code 0
2023/10/26 10:30:18 [notice] 1#1: signal 29 (SIGIO) received
2023/10/26 10:30:18 [notice] 1#1: signal 17 (SIGCHLD) received from 31
2023/10/26 10:30:18 [notice] 1#1: worker process 31 exited with code 0
2023/10/26 10:30:18 [notice] 1#1: exit
2023/10/26 10:30:26 [notice] 1#1: using the "epoll" event method
2023/10/26 10:30:26 [notice] 1#1: nginx/1.25.3
2023/10/26 10:30:26 [notice] 1#1: built by gcc 12.2.0 (Debian 12.2.0-14) 
2023/10/26 10:30:26 [notice] 1#1: OS: Linux 6.2.0-35-generic
2023/10/26 10:30:26 [notice] 1#1: getrlimit(RLIMIT_NOFILE): 1048576:1048576
2023/10/26 10:30:26 [notice] 1#1: start worker processes
2023/10/26 10:30:26 [notice] 1#1: start worker process 29
2023/10/26 10:30:26 [notice] 1#1: start worker process 30
2023/10/26 10:30:26 [notice] 1#1: start worker process 31
2023/10/26 10:30:26 [notice] 1#1: start worker process 32
2023/10/26 10:30:47 [notice] 1#1: signal 3 (SIGQUIT) received, shutting down
2023/10/26 10:30:47 [notice] 32#32: gracefully shutting down
2023/10/26 10:30:47 [notice] 32#32: exiting
2023/10/26 10:30:47 [notice] 32#32: exit
2023/10/26 10:30:47 [notice] 31#31: gracefully shutting down
2023/10/26 10:30:47 [notice] 31#31: exiting
2023/10/26 10:30:47 [notice] 31#31: exit
2023/10/26 10:30:47 [notice] 29#29: gracefully shutting down
2023/10/26 10:30:47 [notice] 29#29: exiting
2023/10/26 10:30:47 [notice] 29#29: exit
2023/10/26 10:30:47 [notice] 30#30: gracefully shutting down
2023/10/26 10:30:47 [notice] 30#30: exiting
2023/10/26 10:30:47 [notice] 30#30: exit
2023/10/26 10:30:47 [notice] 1#1: signal 17 (SIGCHLD) received from 29
2023/10/26 10:30:47 [notice] 1#1: worker process 29 exited with code 0
2023/10/26 10:30:47 [notice] 1#1: worker process 32 exited with code 0
2023/10/26 10:30:47 [notice] 1#1: signal 29 (SIGIO) received
2023/10/26 10:30:47 [notice] 1#1: signal 17 (SIGCHLD) received from 31
2023/10/26 10:30:47 [notice] 1#1: worker process 31 exited with code 0
2023/10/26 10:30:47 [notice] 1#1: signal 29 (SIGIO) received
2023/10/26 10:30:47 [notice] 1#1: signal 17 (SIGCHLD) received from 30
2023/10/26 10:30:47 [notice] 1#1: worker process 30 exited with code 0
2023/10/26 10:30:47 [notice] 1#1: exit
2023/10/26 10:33:16 [notice] 1#1: using the "epoll" event method
2023/10/26 10:33:16 [notice] 1#1: nginx/1.25.3
2023/10/26 10:33:16 [notice] 1#1: built by gcc 12.2.0 (Debian 12.2.0-14) 
2023/10/26 10:33:16 [notice] 1#1: OS: Linux 6.2.0-35-generic
2023/10/26 10:33:16 [notice] 1#1: getrlimit(RLIMIT_NOFILE): 1048576:1048576
2023/10/26 10:33:16 [notice] 1#1: start worker processes
2023/10/26 10:33:16 [notice] 1#1: start worker process 29
2023/10/26 10:33:16 [notice] 1#1: start worker process 30
2023/10/26 10:33:16 [notice] 1#1: start worker process 31
2023/10/26 10:33:16 [notice] 1#1: start worker process 32
2023/10/26 10:37:08 [notice] 1#1: signal 3 (SIGQUIT) received, shutting down
2023/10/26 10:37:08 [notice] 29#29: gracefully shutting down
2023/10/26 10:37:08 [notice] 31#31: gracefully shutting down
2023/10/26 10:37:08 [notice] 30#30: gracefully shutting down
2023/10/26 10:37:08 [notice] 29#29: exiting
2023/10/26 10:37:08 [notice] 31#31: exiting
2023/10/26 10:37:08 [notice] 30#30: exiting
2023/10/26 10:37:08 [notice] 31#31: exit
2023/10/26 10:37:08 [notice] 29#29: exit
2023/10/26 10:37:08 [notice] 30#30: exit
2023/10/26 10:37:08 [notice] 32#32: gracefully shutting down
2023/10/26 10:37:08 [notice] 32#32: exiting
2023/10/26 10:37:08 [notice] 32#32: exit
2023/10/26 10:37:08 [notice] 1#1: signal 17 (SIGCHLD) received from 32
2023/10/26 10:37:08 [notice] 1#1: worker process 32 exited with code 0
2023/10/26 10:37:08 [notice] 1#1: signal 29 (SIGIO) received
2023/10/26 10:37:08 [notice] 1#1: signal 17 (SIGCHLD) received from 31
2023/10/26 10:37:08 [notice] 1#1: worker process 31 exited with code 0
2023/10/26 10:37:08 [notice] 1#1: signal 29 (SIGIO) received
2023/10/26 10:37:08 [notice] 1#1: signal 17 (SIGCHLD) received from 29
2023/10/26 10:37:08 [notice] 1#1: worker process 29 exited with code 0
2023/10/26 10:37:08 [notice] 1#1: signal 29 (SIGIO) received
2023/10/26 10:37:08 [notice] 1#1: signal 17 (SIGCHLD) received from 30
2023/10/26 10:37:08 [notice] 1#1: worker process 30 exited with code 0
2023/10/26 10:37:08 [notice] 1#1: exit
2023/10/26 10:37:27 [notice] 1#1: using the "epoll" event method
2023/10/26 10:37:27 [notice] 1#1: nginx/1.25.3
2023/10/26 10:37:27 [notice] 1#1: built by gcc 12.2.0 (Debian 12.2.0-14) 
2023/10/26 10:37:27 [notice] 1#1: OS: Linux 6.2.0-35-generic
2023/10/26 10:37:27 [notice] 1#1: getrlimit(RLIMIT_NOFILE): 1048576:1048576
2023/10/26 10:37:27 [notice] 1#1: start worker processes
2023/10/26 10:37:27 [notice] 1#1: start worker process 29
2023/10/26 10:37:27 [notice] 1#1: start worker process 30
2023/10/26 10:37:27 [notice] 1#1: start worker process 31
2023/10/26 10:37:27 [notice] 1#1: start worker process 32
2023/10/26 10:39:01 [notice] 1#1: signal 3 (SIGQUIT) received, shutting down
2023/10/26 10:39:01 [notice] 30#30: gracefully shutting down
2023/10/26 10:39:01 [notice] 31#31: gracefully shutting down
2023/10/26 10:39:01 [notice] 30#30: exiting
2023/10/26 10:39:01 [notice] 31#31: exiting
2023/10/26 10:39:01 [notice] 30#30: exit
2023/10/26 10:39:01 [notice] 31#31: exit
2023/10/26 10:39:01 [notice] 29#29: gracefully shutting down
2023/10/26 10:39:01 [notice] 29#29: exiting
2023/10/26 10:39:01 [notice] 29#29: exit
2023/10/26 10:39:01 [notice] 32#32: gracefully shutting down
2023/10/26 10:39:01 [notice] 32#32: exiting
2023/10/26 10:39:01 [notice] 32#32: exit
2023/10/26 10:39:01 [notice] 1#1: signal 17 (SIGCHLD) received from 31
2023/10/26 10:39:01 [notice] 1#1: worker process 29 exited with code 0
2023/10/26 10:39:01 [notice] 1#1: worker process 31 exited with code 0
2023/10/26 10:39:01 [notice] 1#1: worker process 32 exited with code 0
2023/10/26 10:39:01 [notice] 1#1: signal 29 (SIGIO) received
2023/10/26 10:39:01 [notice] 1#1: signal 17 (SIGCHLD) received from 32
2023/10/26 10:39:01 [notice] 1#1: signal 17 (SIGCHLD) received from 30
2023/10/26 10:39:01 [notice] 1#1: worker process 30 exited with code 0
2023/10/26 10:39:01 [notice] 1#1: exit
2023/10/26 10:40:35 [notice] 1#1: using the "epoll" event method
2023/10/26 10:40:35 [notice] 1#1: nginx/1.25.3
2023/10/26 10:40:35 [notice] 1#1: built by gcc 12.2.0 (Debian 12.2.0-14) 
2023/10/26 10:40:35 [notice] 1#1: OS: Linux 6.2.0-35-generic
2023/10/26 10:40:35 [notice] 1#1: getrlimit(RLIMIT_NOFILE): 1048576:1048576
2023/10/26 10:40:35 [notice] 1#1: start worker processes
2023/10/26 10:40:35 [notice] 1#1: start worker process 29
2023/10/26 10:40:35 [notice] 1#1: start worker process 30
2023/10/26 10:40:35 [notice] 1#1: start worker process 31
2023/10/26 10:40:35 [notice] 1#1: start worker process 32
2023/10/26 10:45:42 [notice] 1#1: signal 3 (SIGQUIT) received, shutting down
2023/10/26 10:45:42 [notice] 30#30: gracefully shutting down
2023/10/26 10:45:42 [notice] 30#30: exiting
2023/10/26 10:45:42 [notice] 29#29: gracefully shutting down
2023/10/26 10:45:42 [notice] 30#30: exit
2023/10/26 10:45:42 [notice] 29#29: exiting
2023/10/26 10:45:42 [notice] 29#29: exit
2023/10/26 10:45:42 [notice] 32#32: gracefully shutting down
2023/10/26 10:45:42 [notice] 32#32: exiting
2023/10/26 10:45:42 [notice] 32#32: exit
2023/10/26 10:45:42 [notice] 31#31: gracefully shutting down
2023/10/26 10:45:42 [notice] 31#31: exiting
2023/10/26 10:45:42 [notice] 31#31: exit
2023/10/26 10:45:42 [notice] 1#1: signal 17 (SIGCHLD) received from 32
2023/10/26 10:45:42 [notice] 1#1: worker process 31 exited with code 0
2023/10/26 10:45:42 [notice] 1#1: worker process 32 exited with code 0
2023/10/26 10:45:42 [notice] 1#1: signal 29 (SIGIO) received
2023/10/26 10:45:42 [notice] 1#1: signal 17 (SIGCHLD) received from 29
2023/10/26 10:45:42 [notice] 1#1: worker process 29 exited with code 0
2023/10/26 10:45:42 [notice] 1#1: signal 29 (SIGIO) received
2023/10/26 10:45:42 [notice] 1#1: signal 17 (SIGCHLD) received from 30
2023/10/26 10:45:42 [notice] 1#1: worker process 30 exited with code 0
2023/10/26 10:45:42 [notice] 1#1: exit
2023/10/26 10:47:19 [notice] 1#1: using the "epoll" event method
2023/10/26 10:47:19 [notice] 1#1: nginx/1.25.3
2023/10/26 10:47:19 [notice] 1#1: built by gcc 12.2.0 (Debian 12.2.0-14) 
2023/10/26 10:47:19 [notice] 1#1: OS: Linux 6.2.0-35-generic
2023/10/26 10:47:19 [notice] 1#1: getrlimit(RLIMIT_NOFILE): 1048576:1048576
2023/10/26 10:47:19 [notice] 1#1: start worker processes
2023/10/26 10:47:19 [notice] 1#1: start worker process 29
2023/10/26 10:47:19 [notice] 1#1: start worker process 30
2023/10/26 10:47:19 [notice] 1#1: start worker process 31
2023/10/26 10:47:19 [notice] 1#1: start worker process 32
2023/10/26 10:48:22 [notice] 1#1: signal 3 (SIGQUIT) received, shutting down
2023/10/26 10:48:22 [notice] 30#30: gracefully shutting down
2023/10/26 10:48:22 [notice] 29#29: gracefully shutting down
2023/10/26 10:48:22 [notice] 30#30: exiting
2023/10/26 10:48:22 [notice] 29#29: exiting
2023/10/26 10:48:22 [notice] 30#30: exit
2023/10/26 10:48:22 [notice] 29#29: exit
2023/10/26 10:48:22 [notice] 31#31: gracefully shutting down
2023/10/26 10:48:22 [notice] 31#31: exiting
2023/10/26 10:48:22 [notice] 31#31: exit
2023/10/26 10:48:22 [notice] 32#32: gracefully shutting down
2023/10/26 10:48:22 [notice] 32#32: exiting
2023/10/26 10:48:22 [notice] 32#32: exit
2023/10/26 10:48:22 [notice] 1#1: signal 17 (SIGCHLD) received from 31
2023/10/26 10:48:22 [notice] 1#1: worker process 30 exited with code 0
2023/10/26 10:48:22 [notice] 1#1: worker process 31 exited with code 0
2023/10/26 10:48:22 [notice] 1#1: worker process 32 exited with code 0
2023/10/26 10:48:22 [notice] 1#1: signal 29 (SIGIO) received
2023/10/26 10:48:22 [notice] 1#1: signal 17 (SIGCHLD) received from 29
2023/10/26 10:48:22 [notice] 1#1: worker process 29 exited with code 0
2023/10/26 10:48:22 [notice] 1#1: exit
2023/10/26 10:52:46 [notice] 1#1: using the "epoll" event method
2023/10/26 10:52:46 [notice] 1#1: nginx/1.25.3
2023/10/26 10:52:46 [notice] 1#1: built by gcc 12.2.0 (Debian 12.2.0-14) 
2023/10/26 10:52:46 [notice] 1#1: OS: Linux 6.2.0-35-generic
2023/10/26 10:52:46 [notice] 1#1: getrlimit(RLIMIT_NOFILE): 1048576:1048576
2023/10/26 10:52:46 [notice] 1#1: start worker processes
2023/10/26 10:52:46 [notice] 1#1: start worker process 29
2023/10/26 10:52:46 [notice] 1#1: start worker process 30
2023/10/26 10:52:46 [notice] 1#1: start worker process 31
2023/10/26 10:52:46 [notice] 1#1: start worker process 32
2023/10/26 10:54:00 [notice] 1#1: signal 3 (SIGQUIT) received, shutting down
2023/10/26 10:54:00 [notice] 30#30: gracefully shutting down
2023/10/26 10:54:00 [notice] 29#29: gracefully shutting down
2023/10/26 10:54:00 [notice] 30#30: exiting
2023/10/26 10:54:00 [notice] 29#29: exiting
2023/10/26 10:54:00 [notice] 30#30: exit
2023/10/26 10:54:00 [notice] 29#29: exit
2023/10/26 10:54:00 [notice] 32#32: gracefully shutting down
2023/10/26 10:54:00 [notice] 32#32: exiting
2023/10/26 10:54:00 [notice] 32#32: exit
2023/10/26 10:54:00 [notice] 31#31: gracefully shutting down
2023/10/26 10:54:00 [notice] 31#31: exiting
2023/10/26 10:54:00 [notice] 31#31: exit
2023/10/26 10:54:00 [notice] 1#1: signal 17 (SIGCHLD) received from 32
2023/10/26 10:54:00 [notice] 1#1: worker process 30 exited with code 0
2023/10/26 10:54:00 [notice] 1#1: worker process 32 exited with code 0
2023/10/26 10:54:00 [notice] 1#1: signal 29 (SIGIO) received
2023/10/26 10:54:00 [notice] 1#1: signal 17 (SIGCHLD) received from 30
2023/10/26 10:54:00 [notice] 1#1: signal 17 (SIGCHLD) received from 29
2023/10/26 10:54:00 [notice] 1#1: worker process 29 exited with code 0
2023/10/26 10:54:00 [notice] 1#1: signal 29 (SIGIO) received
2023/10/26 10:54:00 [notice] 1#1: signal 17 (SIGCHLD) received from 31
2023/10/26 10:54:00 [notice] 1#1: worker process 31 exited with code 0
2023/10/26 10:54:00 [notice] 1#1: exit
2023/10/26 10:54:48 [notice] 1#1: using the "epoll" event method
2023/10/26 10:54:48 [notice] 1#1: nginx/1.25.3
2023/10/26 10:54:48 [notice] 1#1: built by gcc 12.2.0 (Debian 12.2.0-14) 
2023/10/26 10:54:48 [notice] 1#1: OS: Linux 6.2.0-35-generic
2023/10/26 10:54:48 [notice] 1#1: getrlimit(RLIMIT_NOFILE): 1048576:1048576
2023/10/26 10:54:48 [notice] 1#1: start worker processes
2023/10/26 10:54:48 [notice] 1#1: start worker process 28
2023/10/26 10:54:48 [notice] 1#1: start worker process 29
2023/10/26 10:54:48 [notice] 1#1: start worker process 30
2023/10/26 10:54:48 [notice] 1#1: start worker process 31
2023/10/26 11:04:26 [error] 29#29: *1 open() "/usr/share/nginx/html/favicon.ico" failed (2: No such file or directory), client: 192.168.128.1, server: localhost, request: "GET /favicon.ico HTTP/1.1", host: "localhost", referrer: "http://localhost/"
2023/10/26 11:05:51 [notice] 1#1: signal 3 (SIGQUIT) received, shutting down
2023/10/26 11:05:51 [notice] 28#28: gracefully shutting down
2023/10/26 11:05:51 [notice] 30#30: gracefully shutting down
2023/10/26 11:05:51 [notice] 29#29: gracefully shutting down
2023/10/26 11:05:51 [notice] 28#28: exiting
2023/10/26 11:05:51 [notice] 30#30: exiting
2023/10/26 11:05:51 [notice] 29#29: exiting
2023/10/26 11:05:51 [notice] 28#28: exit
2023/10/26 11:05:51 [notice] 30#30: exit
2023/10/26 11:05:51 [notice] 29#29: exit
2023/10/26 11:05:51 [notice] 31#31: gracefully shutting down
2023/10/26 11:05:51 [notice] 31#31: exiting
2023/10/26 11:05:51 [notice] 31#31: exit
2023/10/26 11:05:51 [notice] 1#1: signal 17 (SIGCHLD) received from 29
2023/10/26 11:05:51 [notice] 1#1: worker process 29 exited with code 0
2023/10/26 11:05:51 [notice] 1#1: worker process 28 exited with code 0
2023/10/26 11:05:51 [notice] 1#1: signal 29 (SIGIO) received
2023/10/26 11:05:51 [notice] 1#1: signal 17 (SIGCHLD) received from 28
2023/10/26 11:05:51 [notice] 1#1: signal 17 (SIGCHLD) received from 30
2023/10/26 11:05:51 [notice] 1#1: worker process 30 exited with code 0
2023/10/26 11:05:51 [notice] 1#1: signal 29 (SIGIO) received
2023/10/26 11:05:51 [notice] 1#1: signal 17 (SIGCHLD) received from 31
2023/10/26 11:05:51 [notice] 1#1: worker process 31 exited with code 0
2023/10/26 11:05:51 [notice] 1#1: exit
